<?xml version="1.0" encoding="UTF-8"?>
<!-- Generated by org.testng.reporters.JUnitXMLReporter -->
<testsuite hostname="LAPTOP-K3RFJ3P7" ignored="0" name="Default test" tests="3" failures="0" timestamp="04 Dec 2019 15:49:08 GMT" time="24.987" errors="0">
  <testcase name="loginTest" time="2.039" classname="ups.pack.testRunner.UpsLoginTest"/>
  <testcase name="shippingTest" time="2.468" classname="ups.pack.testRunner.UpsShippingTest"/>
  <testcase name="trackingTest" time="0.51" classname="ups.pack.testRunner.UpsTrackingTest"/>
</testsuite> <!-- Default test -->
