<?xml version="1.0" encoding="UTF-8"?>
<!-- Generated by org.testng.reporters.JUnitXMLReporter -->
<testsuite hostname="LAPTOP-K3RFJ3P7" ignored="0" name="Default test(failed)" tests="1" failures="1" timestamp="12 Dec 2019 03:40:31 GMT" time="12.633" errors="0">
  <testcase name="serviceTest" time="2.154" classname="ups.pack.testRunner.UpsServiceTest">
    <failure type="java.lang.AssertionError" message="null">
      <![CDATA[java.lang.AssertionError: null
at ups.pack.testRunner.UpsServiceTest.serviceTest(UpsServiceTest.java:38)
... Removed 27 stack frames]]>
    </failure>
  </testcase> <!-- serviceTest -->
</testsuite> <!-- Default test(failed) -->
